<?xml version="1.0" encoding="UTF-8"?>
<!-- Generated by org.testng.reporters.JUnitReportReporter -->
<testsuite hostname="DESKTOP-EUFS7D5" failures="0" tests="1" name="MyRunner.TestRunner" time="19.810" errors="0" timestamp="2023-06-26T19:41:49 EET" skipped="0">
  <testcase classname="MyRunner.TestRunner" name="runScenario" time="19.810"/>
  <system-out/>
</testsuite> <!-- MyRunner.TestRunner -->
